This is pdfTeX, Version 3.141592653-2.6-1.40.26 (TeX Live 2024) (preloaded format=pdflatex 2024.5.23)  28 MAY 2024 12:42
entering extended mode
 restricted \write18 enabled.
 %&-line parsing enabled.
**supplementary_materials.tex
(./supplementary_materials.tex
LaTeX2e <2023-11-01> patch level 1
L3 programming layer <2024-05-08>
(./frontiers_suppmat.cls
Document Class: frontiers_suppmat 2017/05/01 2.2
(c:/Users/michael.schramm/AppData/Roaming/TinyTeX/texmf-dist/tex/latex/base/inputenc.sty
Package: inputenc 2021/02/14 v1.3d Input encoding file
\inpenc@prehook=\toks17
\inpenc@posthook=\toks18
) (c:/Users/michael.schramm/AppData/Roaming/TinyTeX/texmf-dist/tex/latex/crop/crop.sty
Package: crop 2017/11/19 1.10 crop marks (mf)
(c:/Users/michael.schramm/AppData/Roaming/TinyTeX/texmf-dist/tex/generic/iftex/ifluatex.sty
Package: ifluatex 2019/10/25 v1.5 ifluatex legacy package. Use iftex instead.
(c:/Users/michael.schramm/AppData/Roaming/TinyTeX/texmf-dist/tex/generic/iftex/iftex.sty
Package: iftex 2022/02/03 v1.0f TeX engine tests
))
\CROP@index=\count189
(c:/Users/michael.schramm/AppData/Roaming/TinyTeX/texmf-dist/tex/latex/graphics/color.sty
Package: color 2022/01/06 v1.3d Standard LaTeX Color (DPC)
(c:/Users/michael.schramm/AppData/Roaming/TinyTeX/texmf-dist/tex/latex/graphics-cfg/color.cfg
File: color.cfg 2016/01/02 v1.6 sample color configuration
)
Package color Info: Driver file: pdftex.def on input line 149.
(c:/Users/michael.schramm/AppData/Roaming/TinyTeX/texmf-dist/tex/latex/graphics-def/pdftex.def
File: pdftex.def 2024/04/13 v1.2c Graphics/color driver for pdftex
) (c:/Users/michael.schramm/AppData/Roaming/TinyTeX/texmf-dist/tex/latex/graphics/mathcolor.ltx)) (c:/Users/michael.schramm/AppData/Roaming/TinyTeX/texmf-dist/tex/latex/graphics/graphics.sty
Package: graphics 2022/03/10 v1.4e Standard LaTeX Graphics (DPC,SPQR)
(c:/Users/michael.schramm/AppData/Roaming/TinyTeX/texmf-dist/tex/latex/graphics/trig.sty
Package: trig 2021/08/11 v1.11 sin cos tan (DPC)
) (c:/Users/michael.schramm/AppData/Roaming/TinyTeX/texmf-dist/tex/latex/graphics-cfg/graphics.cfg
File: graphics.cfg 2016/06/04 v1.11 sample graphics configuration
)
Package graphics Info: Driver file: pdftex.def on input line 107.
)
\CROP@offset=\count190
Package crop Info: Local config file crop.cfg used on input line 622.
(c:/Users/michael.schramm/AppData/Roaming/TinyTeX/texmf-dist/tex/xelatex/xetexconfig/crop.cfg)) (c:/Users/michael.schramm/AppData/Roaming/TinyTeX/texmf-dist/tex/latex/graphics/graphicx.sty
Package: graphicx 2021/09/16 v1.2d Enhanced LaTeX Graphics (DPC,SPQR)
(c:/Users/michael.schramm/AppData/Roaming/TinyTeX/texmf-dist/tex/latex/graphics/keyval.sty
Package: keyval 2022/05/29 v1.15 key=value parser (DPC)
\KV@toks@=\toks19
)
\Gin@req@height=\dimen140
\Gin@req@width=\dimen141
) (c:/Users/michael.schramm/AppData/Roaming/TinyTeX/texmf-dist/tex/latex/amsmath/amsmath.sty
Package: amsmath 2023/05/13 v2.17o AMS math features
\@mathmargin=\skip48
For additional information on amsmath, use the `?' option.
(c:/Users/michael.schramm/AppData/Roaming/TinyTeX/texmf-dist/tex/latex/amsmath/amstext.sty
Package: amstext 2021/08/26 v2.01 AMS text
(c:/Users/michael.schramm/AppData/Roaming/TinyTeX/texmf-dist/tex/latex/amsmath/amsgen.sty
File: amsgen.sty 1999/11/30 v2.0 generic functions
\@emptytoks=\toks20
\ex@=\dimen142
)) (c:/Users/michael.schramm/AppData/Roaming/TinyTeX/texmf-dist/tex/latex/amsmath/amsbsy.sty
Package: amsbsy 1999/11/29 v1.2d Bold Symbols
\pmbraise@=\dimen143
) (c:/Users/michael.schramm/AppData/Roaming/TinyTeX/texmf-dist/tex/latex/amsmath/amsopn.sty
Package: amsopn 2022/04/08 v2.04 operator names
)
\inf@bad=\count191
LaTeX Info: Redefining \frac on input line 234.
\uproot@=\count192
\leftroot@=\count193
LaTeX Info: Redefining \overline on input line 399.
LaTeX Info: Redefining \colon on input line 410.
\classnum@=\count194
\DOTSCASE@=\count195
LaTeX Info: Redefining \ldots on input line 496.
LaTeX Info: Redefining \dots on input line 499.
LaTeX Info: Redefining \cdots on input line 620.
\Mathstrutbox@=\box51
\strutbox@=\box52
LaTeX Info: Redefining \big on input line 722.
LaTeX Info: Redefining \Big on input line 723.
LaTeX Info: Redefining \bigg on input line 724.
LaTeX Info: Redefining \Bigg on input line 725.
\big@size=\dimen144
LaTeX Font Info:    Redeclaring font encoding OML on input line 743.
LaTeX Font Info:    Redeclaring font encoding OMS on input line 744.
\macc@depth=\count196
LaTeX Info: Redefining \bmod on input line 905.
LaTeX Info: Redefining \pmod on input line 910.
LaTeX Info: Redefining \smash on input line 940.
LaTeX Info: Redefining \relbar on input line 970.
LaTeX Info: Redefining \Relbar on input line 971.
\c@MaxMatrixCols=\count197
\dotsspace@=\muskip16
\c@parentequation=\count198
\dspbrk@lvl=\count199
\tag@help=\toks21
\row@=\count266
\column@=\count267
\maxfields@=\count268
\andhelp@=\toks22
\eqnshift@=\dimen145
\alignsep@=\dimen146
\tagshift@=\dimen147
\tagwidth@=\dimen148
\totwidth@=\dimen149
\lineht@=\dimen150
\@envbody=\toks23
\multlinegap=\skip49
\multlinetaggap=\skip50
\mathdisplay@stack=\toks24
LaTeX Info: Redefining \[ on input line 2953.
LaTeX Info: Redefining \] on input line 2954.
) (c:/Users/michael.schramm/AppData/Roaming/TinyTeX/texmf-dist/tex/latex/tools/array.sty
Package: array 2023/10/16 v2.5g Tabular extension package (FMi)
\col@sep=\dimen151
\ar@mcellbox=\box53
\extrarowheight=\dimen152
\NC@list=\toks25
\extratabsurround=\skip51
\backup@length=\skip52
\ar@cellbox=\box54
) (c:/Users/michael.schramm/AppData/Roaming/TinyTeX/texmf-dist/tex/latex/amsfonts/amssymb.sty
Package: amssymb 2013/01/14 v3.01 AMS font symbols
(c:/Users/michael.schramm/AppData/Roaming/TinyTeX/texmf-dist/tex/latex/amsfonts/amsfonts.sty
Package: amsfonts 2013/01/14 v3.01 Basic AMSFonts support
\symAMSa=\mathgroup4
\symAMSb=\mathgroup5
LaTeX Font Info:    Redeclaring math symbol \hbar on input line 98.
LaTeX Font Info:    Overwriting math alphabet `\mathfrak' in version `bold'
(Font)                  U/euf/m/n --> U/euf/b/n on input line 106.
)) (c:/Users/michael.schramm/AppData/Roaming/TinyTeX/texmf-dist/tex/latex/sttools/flushend.sty
Package: flushend 2021/10/04 v4.0 Balancing columns in twocolumn mode
\flushend@@lastskip@a=\skip53
\flushend@@lastskip@b=\skip54
\flushend@@lastnode=\count269
\var@@loop@iter=\count270
\var@@temp@spread=\dimen153
\var@@temp@a=\dimen154
\var@@temp@loop=\dimen155
\flushend@@page@rule=\dimen156
\flushend@@varbox@lastpage=\box55
\flushend@@varbox@a=\box56
\flushend@@varbox@c=\box57
\flushend@@tempbox@a=\box58
\flushend@@tempbox@c=\box59
\flushend@@floatbox=\box60
\@viper=\box61
\hold@viper=\box62
\atColsBreak=\toks26
\atColsEnd=\toks27
\oldbreak@skip=\dimen157
) (c:/Users/michael.schramm/AppData/Roaming/TinyTeX/texmf-dist/tex/latex/sttools/stfloats.sty
Package: stfloats 2017/03/27 v3.3 Improve float mechanism and baselineskip settings
\@dblbotnum=\count271
\c@dblbotnumber=\count272
) (c:/Users/michael.schramm/AppData/Roaming/TinyTeX/texmf-dist/tex/latex/amscls/amsthm.sty
Package: amsthm 2020/05/29 v2.20.6
\thm@style=\toks28
\thm@bodyfont=\toks29
\thm@headfont=\toks30
\thm@notefont=\toks31
\thm@headpunct=\toks32
\thm@preskip=\skip55
\thm@postskip=\skip56
\thm@headsep=\skip57
\dth@everypar=\toks33
) (c:/Users/michael.schramm/AppData/Roaming/TinyTeX/texmf-dist/tex/latex/changepage/chngpage.sty
Package: chngpage 2009/10/20 v1.2b change page layout
\c@cp@cnt=\count273
\c@cp@tempcnt=\count274
) (c:/Users/michael.schramm/AppData/Roaming/TinyTeX/texmf-dist/tex/latex/psnfss/times.sty
Package: times 2020/03/25 PSNFSS-v9.3 (SPQR) 
) (c:/Users/michael.schramm/AppData/Roaming/TinyTeX/texmf-dist/tex/latex/datetime/datetime.sty
Package: datetime 2015/03/20 v2.60 Date Time Package
(c:/Users/michael.schramm/AppData/Roaming/TinyTeX/texmf-dist/tex/latex/etoolbox/etoolbox.sty
Package: etoolbox 2020/10/05 v2.5k e-TeX tools for LaTeX (JAW)
\etb@tempcnta=\count275
) (c:/Users/michael.schramm/AppData/Roaming/TinyTeX/texmf-dist/tex/latex/fmtcount/fmtcount.sty
Package: fmtcount 2020/01/30 v3.07
(c:/Users/michael.schramm/AppData/Roaming/TinyTeX/texmf-dist/tex/latex/base/ifthen.sty
Package: ifthen 2022/04/13 v1.1d Standard LaTeX ifthen package (DPC)
) (c:/Users/michael.schramm/AppData/Roaming/TinyTeX/texmf-dist/tex/latex/xkeyval/xkeyval.sty
Package: xkeyval 2022/06/16 v2.9 package option processing (HA)
(c:/Users/michael.schramm/AppData/Roaming/TinyTeX/texmf-dist/tex/generic/xkeyval/xkeyval.tex (c:/Users/michael.schramm/AppData/Roaming/TinyTeX/texmf-dist/tex/generic/xkeyval/xkvutils.tex
\XKV@toks=\toks34
\XKV@tempa@toks=\toks35
)
\XKV@depth=\count276
File: xkeyval.tex 2014/12/03 v2.7a key=value parser (HA)
)) (c:/Users/michael.schramm/AppData/Roaming/TinyTeX/texmf-dist/tex/latex/fmtcount/fcprefix.sty
Package: fcprefix 2012/09/28
(c:/Users/michael.schramm/AppData/Roaming/TinyTeX/texmf-dist/tex/latex/fmtcount/fcnumparser.sty
Package: fcnumparser 2017/06/15
\fc@digit@counter=\count277
))
\c@padzeroesN=\count278
\fc@tmpcatcode=\count279
\@DT@modctr=\count280
\@ordinalctr=\count281
\@orgargctr=\count282
\@strctr=\count283
\@tmpstrctr=\count284
\@DT@loopN=\count285
\@DT@X=\count286
) (c:/Users/michael.schramm/AppData/Roaming/TinyTeX/texmf-dist/tex/latex/datetime/datetime-defaults.sty
Package: datetime-defaults 2013/09/10
)
\@day=\count287
\@month=\count288
\@year=\count289
\c@HOUR=\count290
\c@HOURXII=\count291
\c@MINUTE=\count292
\c@TOHOUR=\count293
\c@TOMINUTE=\count294
\c@SECOND=\count295
\currenthour=\count296
\currentminute=\count297
\currentsecond=\count298
Package datetime Info: No datetime.cfg file found, using default settings on input line 308.
\@dtctr=\count299
\dayofyear=\count300
\dayofweek=\count301
\dt@a=\toks36
\dt@b=\toks37
) (c:/Users/michael.schramm/AppData/Roaming/TinyTeX/texmf-dist/tex/latex/epstopdf-pkg/epstopdf.sty
Package: epstopdf 2020-01-24 v2.11 Conversion with epstopdf on the fly (HO)
(c:/Users/michael.schramm/AppData/Roaming/TinyTeX/texmf-dist/tex/generic/infwarerr/infwarerr.sty
Package: infwarerr 2019/12/03 v1.5 Providing info/warning/error messages (HO)
) (c:/Users/michael.schramm/AppData/Roaming/TinyTeX/texmf-dist/tex/latex/grfext/grfext.sty
Package: grfext 2019/12/03 v1.3 Manage graphics extensions (HO)
(c:/Users/michael.schramm/AppData/Roaming/TinyTeX/texmf-dist/tex/generic/kvdefinekeys/kvdefinekeys.sty
Package: kvdefinekeys 2019-12-19 v1.6 Define keys (HO)
)) (c:/Users/michael.schramm/AppData/Roaming/TinyTeX/texmf-dist/tex/latex/kvoptions/kvoptions.sty
Package: kvoptions 2022-06-15 v3.15 Key value format for package options (HO)
(c:/Users/michael.schramm/AppData/Roaming/TinyTeX/texmf-dist/tex/generic/ltxcmds/ltxcmds.sty
Package: ltxcmds 2023-12-04 v1.26 LaTeX kernel commands for general use (HO)
) (c:/Users/michael.schramm/AppData/Roaming/TinyTeX/texmf-dist/tex/latex/kvsetkeys/kvsetkeys.sty
Package: kvsetkeys 2022-10-05 v1.19 Key value parser (HO)
)) (c:/Users/michael.schramm/AppData/Roaming/TinyTeX/texmf-dist/tex/generic/pdftexcmds/pdftexcmds.sty
Package: pdftexcmds 2020-06-27 v0.33 Utility functions of pdfTeX for LuaTeX (HO)
Package pdftexcmds Info: \pdf@primitive is available.
Package pdftexcmds Info: \pdf@ifprimitive is available.
Package pdftexcmds Info: \pdfdraftmode found.
) (c:/Users/michael.schramm/AppData/Roaming/TinyTeX/texmf-dist/tex/latex/epstopdf-pkg/epstopdf-base.sty
Package: epstopdf-base 2020-01-24 v2.11 Base part for package epstopdf
Package epstopdf-base Info: Redefining graphics rule for `.eps' on input line 485.
Package grfext Info: Graphics extension search list:
(grfext)             [.pdf,.png,.jpg,.mps,.jpeg,.jbig2,.jb2,.PDF,.PNG,.JPG,.JPEG,.JBIG2,.JB2,.eps]
(grfext)             \AppendGraphicsExtensions on input line 504.
(c:/Users/michael.schramm/AppData/Roaming/TinyTeX/texmf-dist/tex/latex/latexconfig/epstopdf-sys.cfg
File: epstopdf-sys.cfg 2010/07/13 v1.3 Configuration of (r)epstopdf for TeX Live
))) (c:/Users/michael.schramm/AppData/Roaming/TinyTeX/texmf-dist/tex/latex/parskip/parskip.sty
Rollback for package 'parskip' requested -> version 'v1'.
         This corresponds to the release introduced on 2001-04-09.
(c:/Users/michael.schramm/AppData/Roaming/TinyTeX/texmf-dist/tex/latex/parskip/parskip-2001-04-09.sty
Package: parskip 2001/04/09 non-zero parskip adjustments
)) (c:/Users/michael.schramm/AppData/Roaming/TinyTeX/texmf-dist/tex/latex/xcolor/xcolor.sty
Package: xcolor 2023/11/15 v3.01 LaTeX color extensions (UK)
(c:/Users/michael.schramm/AppData/Roaming/TinyTeX/texmf-dist/tex/latex/graphics-cfg/color.cfg
File: color.cfg 2016/01/02 v1.6 sample color configuration
)

Package xcolor Warning: Package option `usenames' is obsolete and ignored on input line 266.

Package xcolor Info: Driver file: pdftex.def on input line 274.
LaTeX Info: Redefining \color on input line 758.
(c:/Users/michael.schramm/AppData/Roaming/TinyTeX/texmf-dist/tex/latex/graphics/mathcolor.ltx)
Package xcolor Info: Model `cmy' substituted by `cmy0' on input line 1350.
Package xcolor Info: Model `hsb' substituted by `rgb' on input line 1354.
Package xcolor Info: Model `RGB' extended on input line 1366.
Package xcolor Info: Model `HTML' substituted by `rgb' on input line 1368.
Package xcolor Info: Model `Hsb' substituted by `hsb' on input line 1369.
Package xcolor Info: Model `tHsb' substituted by `hsb' on input line 1370.
Package xcolor Info: Model `HSB' substituted by `hsb' on input line 1371.
Package xcolor Info: Model `Gray' substituted by `gray' on input line 1372.
Package xcolor Info: Model `wave' substituted by `hsb' on input line 1373.
) (c:/Users/michael.schramm/AppData/Roaming/TinyTeX/texmf-dist/tex/latex/graphics/dvipsnam.def
File: dvipsnam.def 2016/06/17 v3.0m Driver-dependent file (DPC,SPQR)
)
\c@section=\count302
\c@subsection=\count303
\c@subsubsection=\count304
\c@paragraph=\count305
\c@subparagraph=\count306
\c@figure=\count307
\c@subfigure=\count308
\c@table=\count309
\dropfromtop=\skip58
\extraspace=\skip59
\aboveskipchk=\skip60
\abovecaptionskip=\skip61
\belowcaptionskip=\skip62
\rotdimen=\dimen158
\tempdime=\dimen159
\temptbox=\box63
(c:/Users/michael.schramm/AppData/Roaming/TinyTeX/texmf-dist/tex/latex/natbib/natbib.sty
Package: natbib 2010/09/13 8.31b (PWD, AO)
\bibhang=\skip63
\bibsep=\skip64
LaTeX Info: Redefining \cite on input line 694.
\c@NAT@ctr=\count310
)) (c:/Users/michael.schramm/AppData/Roaming/TinyTeX/texmf-dist/tex/latex/url/url.sty
\Urlmuskip=\muskip17
Package: url 2013/09/16  ver 3.4  Verb mode for urls, etc.
) (c:/Users/michael.schramm/AppData/Roaming/TinyTeX/texmf-dist/tex/latex/hyperref/hyperref.sty
Package: hyperref 2024-01-20 v7.01h Hypertext links for LaTeX
(c:/Users/michael.schramm/AppData/Roaming/TinyTeX/texmf-dist/tex/generic/pdfescape/pdfescape.sty
Package: pdfescape 2019/12/09 v1.15 Implements pdfTeX's escape features (HO)
) (c:/Users/michael.schramm/AppData/Roaming/TinyTeX/texmf-dist/tex/latex/hycolor/hycolor.sty
Package: hycolor 2020-01-27 v1.10 Color options for hyperref/bookmark (HO)
) (c:/Users/michael.schramm/AppData/Roaming/TinyTeX/texmf-dist/tex/latex/auxhook/auxhook.sty
Package: auxhook 2019-12-17 v1.6 Hooks for auxiliary files (HO)
) (c:/Users/michael.schramm/AppData/Roaming/TinyTeX/texmf-dist/tex/latex/hyperref/nameref.sty
Package: nameref 2023-11-26 v2.56 Cross-referencing by name of section
(c:/Users/michael.schramm/AppData/Roaming/TinyTeX/texmf-dist/tex/latex/refcount/refcount.sty
Package: refcount 2019/12/15 v3.6 Data extraction from label references (HO)
) (c:/Users/michael.schramm/AppData/Roaming/TinyTeX/texmf-dist/tex/generic/gettitlestring/gettitlestring.sty
Package: gettitlestring 2019/12/15 v1.6 Cleanup title references (HO)
)
\c@section@level=\count311
)
\@linkdim=\dimen160
\Hy@linkcounter=\count312
\Hy@pagecounter=\count313
(c:/Users/michael.schramm/AppData/Roaming/TinyTeX/texmf-dist/tex/latex/hyperref/pd1enc.def
File: pd1enc.def 2024-01-20 v7.01h Hyperref: PDFDocEncoding definition (HO)
Now handling font encoding PD1 ...
... no UTF-8 mapping file for font encoding PD1
) (c:/Users/michael.schramm/AppData/Roaming/TinyTeX/texmf-dist/tex/generic/intcalc/intcalc.sty
Package: intcalc 2019/12/15 v1.3 Expandable calculations with integers (HO)
)
\Hy@SavedSpaceFactor=\count314
(c:/Users/michael.schramm/AppData/Roaming/TinyTeX/texmf-dist/tex/latex/hyperref/puenc.def
File: puenc.def 2024-01-20 v7.01h Hyperref: PDF Unicode definition (HO)
Now handling font encoding PU ...
... no UTF-8 mapping file for font encoding PU
)
Package hyperref Info: Hyper figures OFF on input line 4179.
Package hyperref Info: Link nesting OFF on input line 4184.
Package hyperref Info: Hyper index ON on input line 4187.
Package hyperref Info: Plain pages OFF on input line 4194.
Package hyperref Info: Backreferencing OFF on input line 4199.
Package hyperref Info: Implicit mode ON; LaTeX internals redefined.
Package hyperref Info: Bookmarks ON on input line 4446.
LaTeX Info: Redefining \href on input line 4695.
\c@Hy@tempcnt=\count315
LaTeX Info: Redefining \url on input line 4784.
\XeTeXLinkMargin=\dimen161
(c:/Users/michael.schramm/AppData/Roaming/TinyTeX/texmf-dist/tex/generic/bitset/bitset.sty
Package: bitset 2019/12/09 v1.3 Handle bit-vector datatype (HO)
(c:/Users/michael.schramm/AppData/Roaming/TinyTeX/texmf-dist/tex/generic/bigintcalc/bigintcalc.sty
Package: bigintcalc 2019/12/15 v1.5 Expandable calculations on big integers (HO)
))
\Fld@menulength=\count316
\Field@Width=\dimen162
\Fld@charsize=\dimen163
Package hyperref Info: Hyper figures OFF on input line 6063.
Package hyperref Info: Link nesting OFF on input line 6068.
Package hyperref Info: Hyper index ON on input line 6071.
Package hyperref Info: backreferencing OFF on input line 6078.
Package hyperref Info: Link coloring OFF on input line 6083.
Package hyperref Info: Link coloring with OCG OFF on input line 6088.
Package hyperref Info: PDF/A mode OFF on input line 6093.
(c:/Users/michael.schramm/AppData/Roaming/TinyTeX/texmf-dist/tex/latex/base/atbegshi-ltx.sty
Package: atbegshi-ltx 2021/01/10 v1.0c Emulation of the original atbegshi
package with kernel methods
)
\Hy@abspage=\count317
\c@Item=\count318
\c@Hfootnote=\count319
)
Package hyperref Info: Driver (autodetected): hpdftex.
(c:/Users/michael.schramm/AppData/Roaming/TinyTeX/texmf-dist/tex/latex/hyperref/hpdftex.def
File: hpdftex.def 2024-01-20 v7.01h Hyperref driver for pdfTeX
(c:/Users/michael.schramm/AppData/Roaming/TinyTeX/texmf-dist/tex/latex/base/atveryend-ltx.sty
Package: atveryend-ltx 2020/08/19 v1.0a Emulation of the original atveryend package
with kernel methods
)
\Fld@listcount=\count320
\c@bookmark@seq@number=\count321
(c:/Users/michael.schramm/AppData/Roaming/TinyTeX/texmf-dist/tex/latex/rerunfilecheck/rerunfilecheck.sty
Package: rerunfilecheck 2022-07-10 v1.10 Rerun checks for auxiliary files (HO)
(c:/Users/michael.schramm/AppData/Roaming/TinyTeX/texmf-dist/tex/generic/uniquecounter/uniquecounter.sty
Package: uniquecounter 2019/12/15 v1.4 Provide unlimited unique counter (HO)
)
Package uniquecounter Info: New unique counter `rerunfilecheck' on input line 285.
)
\Hy@SectionHShift=\skip65
) (c:/Users/michael.schramm/AppData/Roaming/TinyTeX/texmf-dist/tex/latex/lineno/lineno.sty
Package: lineno 2023/05/20 line numbers on paragraphs v5.3
\linenopenalty=\count322
\output=\toks38
\linenoprevgraf=\count323
\linenumbersep=\dimen164
\linenumberwidth=\dimen165
\c@linenumber=\count324
\c@pagewiselinenumber=\count325
\c@LN@truepage=\count326
\c@internallinenumber=\count327
\c@internallinenumbers=\count328
\quotelinenumbersep=\dimen166
\bframerule=\dimen167
\bframesep=\dimen168
\bframebox=\box64
\linenoamsmath@ams@eqpen=\count329
LaTeX Info: Redefining \\ on input line 3180.
) (c:/Users/michael.schramm/AppData/Roaming/TinyTeX/texmf-dist/tex/latex/microtype/microtype.sty
Package: microtype 2024/03/29 v3.1b Micro-typographical refinements (RS)
\MT@toks=\toks39
\MT@tempbox=\box65
\MT@count=\count330
LaTeX Info: Redefining \noprotrusionifhmode on input line 1061.
LaTeX Info: Redefining \leftprotrusion on input line 1062.
\MT@prot@toks=\toks40
LaTeX Info: Redefining \rightprotrusion on input line 1081.
LaTeX Info: Redefining \textls on input line 1392.
\MT@outer@kern=\dimen169
LaTeX Info: Redefining \textmicrotypecontext on input line 2013.
\MT@listname@count=\count331
(c:/Users/michael.schramm/AppData/Roaming/TinyTeX/texmf-dist/tex/latex/microtype/microtype-pdftex.def
File: microtype-pdftex.def 2024/03/29 v3.1b Definitions specific to pdftex (RS)
LaTeX Info: Redefining \lsstyle on input line 902.
LaTeX Info: Redefining \lslig on input line 902.
\MT@outer@space=\skip66
)
Package microtype Info: Loading configuration file microtype.cfg.
(c:/Users/michael.schramm/AppData/Roaming/TinyTeX/texmf-dist/tex/latex/microtype/microtype.cfg
File: microtype.cfg 2024/03/29 v3.1b microtype main configuration file (RS)
)) (c:/Users/michael.schramm/AppData/Roaming/TinyTeX/texmf-dist/tex/latex/setspace/setspace.sty
Package: setspace 2022/12/04 v6.7b set line spacing
) (c:/Users/michael.schramm/AppData/Roaming/TinyTeX/texmf-dist/tex/latex/float/float.sty
Package: float 2001/11/08 v1.3d Float enhancements (AL)
\c@float@type=\count332
\float@exts=\toks41
\float@box=\box66
\@float@everytoks=\toks42
\@floatcapt=\box67
) (c:/Users/michael.schramm/AppData/Roaming/TinyTeX/texmf-dist/tex/latex/tools/longtable.sty
Package: longtable 2023-11-01 v4.19 Multi-page Table package (DPC)
\LTleft=\skip67
\LTright=\skip68
\LTpre=\skip69
\LTpost=\skip70
\LTchunksize=\count333
\LTcapwidth=\dimen170
\LT@head=\box68
\LT@firsthead=\box69
\LT@foot=\box70
\LT@lastfoot=\box71
\LT@gbox=\box72
\LT@cols=\count334
\LT@rows=\count335
\c@LT@tables=\count336
\c@LT@chunks=\count337
\LT@p@ftn=\toks43
) (c:/Users/michael.schramm/AppData/Roaming/TinyTeX/texmf-dist/tex/latex/booktabs/booktabs.sty
Package: booktabs 2020/01/12 v1.61803398 Publication quality tables
\heavyrulewidth=\dimen171
\lightrulewidth=\dimen172
\cmidrulewidth=\dimen173
\belowrulesep=\dimen174
\belowbottomsep=\dimen175
\aboverulesep=\dimen176
\abovetopsep=\dimen177
\cmidrulesep=\dimen178
\cmidrulekern=\dimen179
\defaultaddspace=\dimen180
\@cmidla=\count338
\@cmidlb=\count339
\@aboverulesep=\dimen181
\@belowrulesep=\dimen182
\@thisruleclass=\count340
\@lastruleclass=\count341
\@thisrulewidth=\dimen183
) (c:/Users/michael.schramm/AppData/Roaming/TinyTeX/texmf-dist/tex/latex/tools/calc.sty
Package: calc 2023/07/08 v4.3 Infix arithmetic (KKT,FJ)
\calc@Acount=\count342
\calc@Bcount=\count343
\calc@Adimen=\dimen184
\calc@Bdimen=\dimen185
\calc@Askip=\skip71
\calc@Bskip=\skip72
LaTeX Info: Redefining \setlength on input line 80.
LaTeX Info: Redefining \addtolength on input line 81.
\calc@Ccount=\count344
\calc@Cskip=\skip73
) (c:/Users/michael.schramm/AppData/Roaming/TinyTeX/texmf-dist/tex/latex/mdwtools/footnote.sty
Package: footnote 1997/01/28 1.13 Save footnotes around boxes
\fn@notes=\box73
\fn@width=\dimen186
)
LaTeX Font Info:    Trying to load font information for OT1+ptm on input line 37.
(c:/Users/michael.schramm/AppData/Roaming/TinyTeX/texmf-dist/tex/latex/psnfss/ot1ptm.fd
File: ot1ptm.fd 2001/06/04 font definitions for OT1/ptm.
) (c:/Users/michael.schramm/AppData/Roaming/TinyTeX/texmf-dist/tex/latex/l3backend/l3backend-pdftex.def
File: l3backend-pdftex.def 2024-05-08 L3 backend support: PDF output (pdfTeX)
\l__color_backend_stack_int=\count345
\l__pdf_internal_box=\box74
) (./supplementary_materials.aux)
\openout1 = `supplementary_materials.aux'.

LaTeX Font Info:    Checking defaults for OML/cmm/m/it on input line 37.
LaTeX Font Info:    ... okay on input line 37.
LaTeX Font Info:    Checking defaults for OMS/cmsy/m/n on input line 37.
LaTeX Font Info:    ... okay on input line 37.
LaTeX Font Info:    Checking defaults for OT1/cmr/m/n on input line 37.
LaTeX Font Info:    ... okay on input line 37.
LaTeX Font Info:    Checking defaults for T1/cmr/m/n on input line 37.
LaTeX Font Info:    ... okay on input line 37.
LaTeX Font Info:    Checking defaults for TS1/cmr/m/n on input line 37.
LaTeX Font Info:    ... okay on input line 37.
LaTeX Font Info:    Checking defaults for OMX/cmex/m/n on input line 37.
LaTeX Font Info:    ... okay on input line 37.
LaTeX Font Info:    Checking defaults for U/cmr/m/n on input line 37.
LaTeX Font Info:    ... okay on input line 37.
LaTeX Font Info:    Checking defaults for PD1/pdf/m/n on input line 37.
LaTeX Font Info:    ... okay on input line 37.
LaTeX Font Info:    Checking defaults for PU/pdf/m/n on input line 37.
LaTeX Font Info:    ... okay on input line 37.
Package crop Info: requested driver: `' on input line 37.
Package crop Info: detected driver: `pdftex' on input line 37.
Package crop Info: using `pdftex' graphics driver on input line 37.
(c:/Users/michael.schramm/AppData/Roaming/TinyTeX/texmf-dist/tex/latex/fmtcount/fc-english.def
File: fc-english.def 2016/01/12
)
Package hyperref Info: Link coloring OFF on input line 37.
(./supplementary_materials.out) (./supplementary_materials.out)
\@outlinefile=\write3
\openout3 = `supplementary_materials.out'.

LaTeX Info: Redefining \microtypecontext on input line 37.
Package microtype Info: Applying patch `item' on input line 37.
Package microtype Info: Applying patch `toc' on input line 37.
Package microtype Info: Applying patch `eqnum' on input line 37.

Package microtype Warning: Unable to apply patch `footnote' on input line 37.

Package microtype Info: Applying patch `verbatim' on input line 37.
Package microtype Info: Generating PDF output.
Package microtype Info: Character protrusion enabled (level 2),
(microtype)             factor: 1500.
Package microtype Info: Using default protrusion set `alltext'.
Package microtype Info: Automatic font expansion enabled (level 2),
(microtype)             stretch: 20, shrink: 20, step: 1, non-selected.
Package microtype Info: Using default expansion set `alltext-nott'.
LaTeX Info: Redefining \showhyphens on input line 37.
Package microtype Info: No adjustment of tracking.
Package microtype Info: No adjustment of interword spacing.
Package microtype Info: No adjustment of character kerning.
(c:/Users/michael.schramm/AppData/Roaming/TinyTeX/texmf-dist/tex/latex/microtype/mt-ptm.cfg
File: mt-ptm.cfg 2006/04/20 v1.7 microtype config. file: Times (RS)
)
LaTeX Font Info:    Trying to load font information for OT1+phv on input line 45.
(c:/Users/michael.schramm/AppData/Roaming/TinyTeX/texmf-dist/tex/latex/psnfss/ot1phv.fd
File: ot1phv.fd 2020/03/25 scalable font definitions for OT1/phv.
)
Package microtype Info: Loading generic protrusion settings for font family
(microtype)             `phv' (encoding: OT1).
(microtype)             For optimal results, create family-specific settings.
(microtype)             See the microtype manual for details.
Package epstopdf Info: Source file: <./logo1.eps>
(epstopdf)                    date: 2024-01-25 17:12:43
(epstopdf)                    size: 37462 bytes
(epstopdf)             Output file: <./logo1-eps-converted-to.pdf>
(epstopdf)                    date: 2024-01-25 17:26:16
(epstopdf)                    size: 24908 bytes
(epstopdf)             Command: <repstopdf --outfile=./logo1-eps-converted-to.pdf ./logo1.eps>
(epstopdf)             \includegraphics on input line 45.
Package epstopdf Info: Output file is already uptodate.
<./logo1-eps-converted-to.pdf, id=4, 284.06125pt x 80.3pt>
File: ./logo1-eps-converted-to.pdf Graphic file (type pdf)
<use ./logo1-eps-converted-to.pdf>
Package pdftex.def Info: ./logo1-eps-converted-to.pdf  used on input line 45.
(pdftex.def)             Requested size: 144.0pt x 40.70862pt.

Underfull \hbox (badness 10000) detected at line 45
[]
 []


Overfull \hbox (8.53581pt too wide) in paragraph at lines 45--45
[][] 
 []

LaTeX Font Info:    Font shape `OT1/phv/b/it' in size <20> not available
(Font)              Font shape `OT1/phv/b/sl' tried instead on input line 45.
<../figures/roses_bac.pdf, id=5, 1004.75375pt x 1312.905pt>
File: ../figures/roses_bac.pdf Graphic file (type pdf)
<use ../figures/roses_bac.pdf>
Package pdftex.def Info: ../figures/roses_bac.pdf  used on input line 47.
(pdftex.def)             Requested size: 403.20154pt x 526.85553pt.
<../figures/roses_nut.pdf, id=6, 1004.75375pt x 1312.905pt>
File: ../figures/roses_nut.pdf Graphic file (type pdf)
<use ../figures/roses_nut.pdf>
Package pdftex.def Info: ../figures/roses_nut.pdf  used on input line 51.
(pdftex.def)             Requested size: 403.20154pt x 526.85553pt.

Underfull \vbox (badness 10000) has occurred while \output is active []

[1



{c:/Users/michael.schramm/AppData/Roaming/TinyTeX/texmf-var/fonts/map/pdftex/updmap/pdftex.map}{c:/Users/michael.schramm/AppData/Roaming/TinyTeX/texmf-dist/fonts/enc/dvips/base/8r.enc}
pdfTeX warning (ext4): destination with the same identifier (name{figure.1}) has been already used, duplicate ignored
<argument> ...shipout:D \box_use:N \l_shipout_box 
                                                  \__shipout_drop_firstpage_...
l.53 
      <./logo1-eps-converted-to.pdf> <../figures/roses_bac.pdf>] (c:/Users/michael.schramm/AppData/Roaming/TinyTeX/texmf-dist/tex/latex/microtype/mt-cmr.cfg
File: mt-cmr.cfg 2013/05/19 v2.2 microtype config. file: Computer Modern Roman (RS)
)
LaTeX Font Info:    Trying to load font information for U+msa on input line 58.
(c:/Users/michael.schramm/AppData/Roaming/TinyTeX/texmf-dist/tex/latex/amsfonts/umsa.fd
File: umsa.fd 2013/01/14 v3.01 AMS symbols A
) (c:/Users/michael.schramm/AppData/Roaming/TinyTeX/texmf-dist/tex/latex/microtype/mt-msa.cfg
File: mt-msa.cfg 2006/02/04 v1.1 microtype config. file: AMS symbols (a) (RS)
)
LaTeX Font Info:    Trying to load font information for U+msb on input line 58.
(c:/Users/michael.schramm/AppData/Roaming/TinyTeX/texmf-dist/tex/latex/amsfonts/umsb.fd
File: umsb.fd 2013/01/14 v3.01 AMS symbols B
) (c:/Users/michael.schramm/AppData/Roaming/TinyTeX/texmf-dist/tex/latex/microtype/mt-msb.cfg
File: mt-msb.cfg 2005/06/01 v1.0 microtype config. file: AMS symbols (b) (RS)
)
LaTeX Font Info:    Trying to load font information for OML+ptm on input line 63.
(c:/Users/michael.schramm/AppData/Roaming/TinyTeX/texmf-dist/tex/latex/psnfss/omlptm.fd
File: omlptm.fd 
)
LaTeX Font Info:    Font shape `OML/ptm/m/n' in size <12> not available
(Font)              Font shape `OML/cmm/m/it' tried instead on input line 63.
<supplementary_materials_files/figure-latex/bacpub-1.png, id=38, 433.62pt x 216.81pt>
File: supplementary_materials_files/figure-latex/bacpub-1.png Graphic file (type png)
<use supplementary_materials_files/figure-latex/bacpub-1.png>
Package pdftex.def Info: supplementary_materials_files/figure-latex/bacpub-1.png  used on input line 154.
(pdftex.def)             Requested size: 433.61894pt x 216.80946pt.
<supplementary_materials_files/figure-latex/tnpub-1.png, id=39, 433.62pt x 216.81pt>
File: supplementary_materials_files/figure-latex/tnpub-1.png Graphic file (type png)
<use supplementary_materials_files/figure-latex/tnpub-1.png>
Package pdftex.def Info: supplementary_materials_files/figure-latex/tnpub-1.png  used on input line 160.
(pdftex.def)             Requested size: 433.61894pt x 216.80946pt.
<supplementary_materials_files/figure-latex/dinpub-1.png, id=40, 433.62pt x 216.81pt>
File: supplementary_materials_files/figure-latex/dinpub-1.png Graphic file (type png)
<use supplementary_materials_files/figure-latex/dinpub-1.png>
Package pdftex.def Info: supplementary_materials_files/figure-latex/dinpub-1.png  used on input line 166.
(pdftex.def)             Requested size: 433.61894pt x 216.80946pt.
<supplementary_materials_files/figure-latex/tppub-1.png, id=41, 433.62pt x 216.81pt>
File: supplementary_materials_files/figure-latex/tppub-1.png Graphic file (type png)
<use supplementary_materials_files/figure-latex/tppub-1.png>
Package pdftex.def Info: supplementary_materials_files/figure-latex/tppub-1.png  used on input line 172.
(pdftex.def)             Requested size: 433.61894pt x 216.80946pt.
<supplementary_materials_files/figure-latex/po4pub-1.png, id=42, 433.62pt x 216.81pt>
File: supplementary_materials_files/figure-latex/po4pub-1.png Graphic file (type png)
<use supplementary_materials_files/figure-latex/po4pub-1.png>
Package pdftex.def Info: supplementary_materials_files/figure-latex/po4pub-1.png  used on input line 178.
(pdftex.def)             Requested size: 433.61894pt x 216.80946pt.
<supplementary_materials_files/figure-latex/tsspub-1.png, id=43, 433.62pt x 216.81pt>
File: supplementary_materials_files/figure-latex/tsspub-1.png Graphic file (type png)
<use supplementary_materials_files/figure-latex/tsspub-1.png>
Package pdftex.def Info: supplementary_materials_files/figure-latex/tsspub-1.png  used on input line 184.
(pdftex.def)             Requested size: 433.61894pt x 216.80946pt.
<supplementary_materials_files/figure-latex/bacsens-1.png, id=44, 578.16pt x 578.16pt>
File: supplementary_materials_files/figure-latex/bacsens-1.png Graphic file (type png)
<use supplementary_materials_files/figure-latex/bacsens-1.png>
Package pdftex.def Info: supplementary_materials_files/figure-latex/bacsens-1.png  used on input line 189.
(pdftex.def)             Requested size: 504.0pt x 504.00084pt.
<supplementary_materials_files/figure-latex/tnsens-1.png, id=45, 578.16pt x 397.485pt>
File: supplementary_materials_files/figure-latex/tnsens-1.png Graphic file (type png)
<use supplementary_materials_files/figure-latex/tnsens-1.png>
Package pdftex.def Info: supplementary_materials_files/figure-latex/tnsens-1.png  used on input line 193.
(pdftex.def)             Requested size: 504.0pt x 346.50058pt.
<supplementary_materials_files/figure-latex/dinsens-1.png, id=46, 578.16pt x 505.89pt>
File: supplementary_materials_files/figure-latex/dinsens-1.png Graphic file (type png)
<use supplementary_materials_files/figure-latex/dinsens-1.png>
Package pdftex.def Info: supplementary_materials_files/figure-latex/dinsens-1.png  used on input line 197.
(pdftex.def)             Requested size: 504.0pt x 441.00073pt.
<supplementary_materials_files/figure-latex/tpsens-1.png, id=47, 578.16pt x 397.485pt>
File: supplementary_materials_files/figure-latex/tpsens-1.png Graphic file (type png)
<use supplementary_materials_files/figure-latex/tpsens-1.png>
Package pdftex.def Info: supplementary_materials_files/figure-latex/tpsens-1.png  used on input line 201.
(pdftex.def)             Requested size: 504.0pt x 346.50058pt.
<supplementary_materials_files/figure-latex/po4sens-1.png, id=48, 578.16pt x 289.08pt>
File: supplementary_materials_files/figure-latex/po4sens-1.png Graphic file (type png)
<use supplementary_materials_files/figure-latex/po4sens-1.png>
Package pdftex.def Info: supplementary_materials_files/figure-latex/po4sens-1.png  used on input line 205.
(pdftex.def)             Requested size: 504.0pt x 252.00041pt.
<supplementary_materials_files/figure-latex/tsssens-1.png, id=49, 578.16pt x 325.215pt>
File: supplementary_materials_files/figure-latex/tsssens-1.png Graphic file (type png)
<use supplementary_materials_files/figure-latex/tsssens-1.png>
Package pdftex.def Info: supplementary_materials_files/figure-latex/tsssens-1.png  used on input line 209.
(pdftex.def)             Requested size: 504.0pt x 283.50047pt.
<supplementary_materials_files/figure-latex/bacforest-1.png, id=50, 578.16pt x 578.16pt>
File: supplementary_materials_files/figure-latex/bacforest-1.png Graphic file (type png)
<use supplementary_materials_files/figure-latex/bacforest-1.png>
Package pdftex.def Info: supplementary_materials_files/figure-latex/bacforest-1.png  used on input line 213.
(pdftex.def)             Requested size: 504.0pt x 504.00084pt.
<supplementary_materials_files/figure-latex/tnforest-1.png, id=51, 578.16pt x 578.16pt>
File: supplementary_materials_files/figure-latex/tnforest-1.png Graphic file (type png)
<use supplementary_materials_files/figure-latex/tnforest-1.png>
Package pdftex.def Info: supplementary_materials_files/figure-latex/tnforest-1.png  used on input line 217.
(pdftex.def)             Requested size: 504.0pt x 504.00084pt.
<supplementary_materials_files/figure-latex/dinforest-1.png, id=52, 578.16pt x 578.16pt>
File: supplementary_materials_files/figure-latex/dinforest-1.png Graphic file (type png)
<use supplementary_materials_files/figure-latex/dinforest-1.png>
Package pdftex.def Info: supplementary_materials_files/figure-latex/dinforest-1.png  used on input line 221.
(pdftex.def)             Requested size: 504.0pt x 504.00084pt.
<supplementary_materials_files/figure-latex/tpforest-1.png, id=53, 578.16pt x 578.16pt>
File: supplementary_materials_files/figure-latex/tpforest-1.png Graphic file (type png)
<use supplementary_materials_files/figure-latex/tpforest-1.png>
Package pdftex.def Info: supplementary_materials_files/figure-latex/tpforest-1.png  used on input line 225.
(pdftex.def)             Requested size: 504.0pt x 504.00084pt.
<supplementary_materials_files/figure-latex/po4forest-1.png, id=54, 578.16pt x 578.16pt>
File: supplementary_materials_files/figure-latex/po4forest-1.png Graphic file (type png)
<use supplementary_materials_files/figure-latex/po4forest-1.png>
Package pdftex.def Info: supplementary_materials_files/figure-latex/po4forest-1.png  used on input line 229.
(pdftex.def)             Requested size: 504.0pt x 504.00084pt.
<supplementary_materials_files/figure-latex/tssforest-1.png, id=55, 578.16pt x 578.16pt>
File: supplementary_materials_files/figure-latex/tssforest-1.png Graphic file (type png)
<use supplementary_materials_files/figure-latex/tssforest-1.png>
Package pdftex.def Info: supplementary_materials_files/figure-latex/tssforest-1.png  used on input line 233.
(pdftex.def)             Requested size: 504.0pt x 504.00084pt.
<supplementary_materials_files/figure-latex/bacsource-1.png, id=56, 578.16pt x 216.81pt>
File: supplementary_materials_files/figure-latex/bacsource-1.png Graphic file (type png)
<use supplementary_materials_files/figure-latex/bacsource-1.png>
Package pdftex.def Info: supplementary_materials_files/figure-latex/bacsource-1.png  used on input line 237.
(pdftex.def)             Requested size: 504.0pt x 189.0003pt.
<supplementary_materials_files/figure-latex/tnsource-1.png, id=57, 578.16pt x 216.81pt>
File: supplementary_materials_files/figure-latex/tnsource-1.png Graphic file (type png)
<use supplementary_materials_files/figure-latex/tnsource-1.png>
Package pdftex.def Info: supplementary_materials_files/figure-latex/tnsource-1.png  used on input line 241.
(pdftex.def)             Requested size: 504.0pt x 189.0003pt.
<supplementary_materials_files/figure-latex/dinsource-1.png, id=58, 578.16pt x 216.81pt>
File: supplementary_materials_files/figure-latex/dinsource-1.png Graphic file (type png)
<use supplementary_materials_files/figure-latex/dinsource-1.png>
Package pdftex.def Info: supplementary_materials_files/figure-latex/dinsource-1.png  used on input line 245.
(pdftex.def)             Requested size: 504.0pt x 189.0003pt.
<supplementary_materials_files/figure-latex/tpsource-1.png, id=59, 578.16pt x 216.81pt>
File: supplementary_materials_files/figure-latex/tpsource-1.png Graphic file (type png)
<use supplementary_materials_files/figure-latex/tpsource-1.png>
Package pdftex.def Info: supplementary_materials_files/figure-latex/tpsource-1.png  used on input line 249.
(pdftex.def)             Requested size: 504.0pt x 189.0003pt.
<supplementary_materials_files/figure-latex/po4source-1.png, id=60, 578.16pt x 216.81pt>
File: supplementary_materials_files/figure-latex/po4source-1.png Graphic file (type png)
<use supplementary_materials_files/figure-latex/po4source-1.png>
Package pdftex.def Info: supplementary_materials_files/figure-latex/po4source-1.png  used on input line 253.
(pdftex.def)             Requested size: 504.0pt x 189.0003pt.
<supplementary_materials_files/figure-latex/tsssource-1.png, id=61, 578.16pt x 216.81pt>
File: supplementary_materials_files/figure-latex/tsssource-1.png Graphic file (type png)
<use supplementary_materials_files/figure-latex/tsssource-1.png>
Package pdftex.def Info: supplementary_materials_files/figure-latex/tsssource-1.png  used on input line 257.
(pdftex.def)             Requested size: 504.0pt x 189.0003pt.
<supplementary_materials_files/figure-latex/bacscale-1.png, id=62, 578.16pt x 216.81pt>
File: supplementary_materials_files/figure-latex/bacscale-1.png Graphic file (type png)
<use supplementary_materials_files/figure-latex/bacscale-1.png>
Package pdftex.def Info: supplementary_materials_files/figure-latex/bacscale-1.png  used on input line 261.
(pdftex.def)             Requested size: 504.0pt x 189.0003pt.
<supplementary_materials_files/figure-latex/tnscale-1.png, id=63, 578.16pt x 216.81pt>
File: supplementary_materials_files/figure-latex/tnscale-1.png Graphic file (type png)
<use supplementary_materials_files/figure-latex/tnscale-1.png>
Package pdftex.def Info: supplementary_materials_files/figure-latex/tnscale-1.png  used on input line 265.
(pdftex.def)             Requested size: 504.0pt x 189.0003pt.
<supplementary_materials_files/figure-latex/dinscale-1.png, id=64, 578.16pt x 216.81pt>
File: supplementary_materials_files/figure-latex/dinscale-1.png Graphic file (type png)
<use supplementary_materials_files/figure-latex/dinscale-1.png>
Package pdftex.def Info: supplementary_materials_files/figure-latex/dinscale-1.png  used on input line 269.
(pdftex.def)             Requested size: 504.0pt x 189.0003pt.
<supplementary_materials_files/figure-latex/tpscale-1.png, id=65, 578.16pt x 216.81pt>
File: supplementary_materials_files/figure-latex/tpscale-1.png Graphic file (type png)
<use supplementary_materials_files/figure-latex/tpscale-1.png>
Package pdftex.def Info: supplementary_materials_files/figure-latex/tpscale-1.png  used on input line 273.
(pdftex.def)             Requested size: 504.0pt x 189.0003pt.
<supplementary_materials_files/figure-latex/po4scale-1.png, id=66, 578.16pt x 216.81pt>
File: supplementary_materials_files/figure-latex/po4scale-1.png Graphic file (type png)
<use supplementary_materials_files/figure-latex/po4scale-1.png>
Package pdftex.def Info: supplementary_materials_files/figure-latex/po4scale-1.png  used on input line 277.
(pdftex.def)             Requested size: 504.0pt x 189.0003pt.
<supplementary_materials_files/figure-latex/tssscale-1.png, id=67, 578.16pt x 216.81pt>
File: supplementary_materials_files/figure-latex/tssscale-1.png Graphic file (type png)
<use supplementary_materials_files/figure-latex/tssscale-1.png>
Package pdftex.def Info: supplementary_materials_files/figure-latex/tssscale-1.png  used on input line 281.
(pdftex.def)             Requested size: 504.0pt x 189.0003pt.
LaTeX Font Info:    Font shape `OT1/phv/b/it' in size <8> not available
(Font)              Font shape `OT1/phv/b/sl' tried instead on input line 285.

Overfull \vbox (3.49998pt too high) has occurred while \output is active []

[2
pdfTeX warning (ext4): destination with the same identifier (name{figure.2}) has been already used, duplicate ignored
<argument> ...shipout:D \box_use:N \l_shipout_box 
                                                  \__shipout_drop_firstpage_...
l.285 \end{document}
                     <../figures/roses_nut.pdf>]
Overfull \vbox (3.49998pt too high) has occurred while \output is active []

[3
pdfTeX warning (ext4): destination with the same identifier (name{table.1}) has been already used, duplicate ignored
<argument> ...shipout:D \box_use:N \l_shipout_box 
                                                  \__shipout_drop_firstpage_...
l.285 \end{document}
                    
pdfTeX warning (ext4): destination with the same identifier (name{table.2}) has been already used, duplicate ignored
<argument> ...shipout:D \box_use:N \l_shipout_box 
                                                  \__shipout_drop_firstpage_...
l.285 \end{document}
                    
pdfTeX warning (ext4): destination with the same identifier (name{table.3}) has been already used, duplicate ignored
<argument> ...shipout:D \box_use:N \l_shipout_box 
                                                  \__shipout_drop_firstpage_...
l.285 \end{document}
                    
pdfTeX warning (ext4): destination with the same identifier (name{table.4}) has been already used, duplicate ignored
<argument> ...shipout:D \box_use:N \l_shipout_box 
                                                  \__shipout_drop_firstpage_...
l.285 \end{document}
                    
pdfTeX warning (ext4): destination with the same identifier (name{table.5}) has been already used, duplicate ignored
<argument> ...shipout:D \box_use:N \l_shipout_box 
                                                  \__shipout_drop_firstpage_...
l.285 \end{document}
                    ]
Overfull \vbox (3.49998pt too high) has occurred while \output is active []

[4
pdfTeX warning (ext4): destination with the same identifier (name{table.6}) has been already used, duplicate ignored
<argument> ...shipout:D \box_use:N \l_shipout_box 
                                                  \__shipout_drop_firstpage_...
l.285 \end{document}
                    
pdfTeX warning (ext4): destination with the same identifier (name{figure.3}) has been already used, duplicate ignored
<argument> ...shipout:D \box_use:N \l_shipout_box 
                                                  \__shipout_drop_firstpage_...
l.285 \end{document}
                    
pdfTeX warning (ext4): destination with the same identifier (name{figure.4}) has been already used, duplicate ignored
<argument> ...shipout:D \box_use:N \l_shipout_box 
                                                  \__shipout_drop_firstpage_...
l.285 \end{document}
                     <./supplementary_materials_files/figure-latex/bacpub-1.png> <./supplementary_materials_files/figure-latex/tnpub-1.png>]
Overfull \vbox (3.49998pt too high) has occurred while \output is active []

[5
pdfTeX warning (ext4): destination with the same identifier (name{figure.5}) has been already used, duplicate ignored
<argument> ...shipout:D \box_use:N \l_shipout_box 
                                                  \__shipout_drop_firstpage_...
l.285 \end{document}
                    
pdfTeX warning (ext4): destination with the same identifier (name{figure.6}) has been already used, duplicate ignored
<argument> ...shipout:D \box_use:N \l_shipout_box 
                                                  \__shipout_drop_firstpage_...
l.285 \end{document}
                     <./supplementary_materials_files/figure-latex/dinpub-1.png> <./supplementary_materials_files/figure-latex/tppub-1.png>]
Overfull \vbox (3.49998pt too high) has occurred while \output is active []

[6
pdfTeX warning (ext4): destination with the same identifier (name{figure.7}) has been already used, duplicate ignored
<argument> ...shipout:D \box_use:N \l_shipout_box 
                                                  \__shipout_drop_firstpage_...
l.285 \end{document}
                    
pdfTeX warning (ext4): destination with the same identifier (name{figure.8}) has been already used, duplicate ignored
<argument> ...shipout:D \box_use:N \l_shipout_box 
                                                  \__shipout_drop_firstpage_...
l.285 \end{document}
                     <./supplementary_materials_files/figure-latex/po4pub-1.png> <./supplementary_materials_files/figure-latex/tsspub-1.png>]
Underfull \vbox (badness 10000) has occurred while \output is active []


Overfull \vbox (3.49998pt too high) has occurred while \output is active []

[7
pdfTeX warning (ext4): destination with the same identifier (name{figure.9}) has been already used, duplicate ignored
<argument> ...shipout:D \box_use:N \l_shipout_box 
                                                  \__shipout_drop_firstpage_...
l.285 \end{document}
                     <./supplementary_materials_files/figure-latex/bacsens-1.png>]
Underfull \vbox (badness 10000) has occurred while \output is active []


Overfull \vbox (3.49998pt too high) has occurred while \output is active []

[8
pdfTeX warning (ext4): destination with the same identifier (name{figure.10}) has been already used, duplicate ignored
<argument> ...shipout:D \box_use:N \l_shipout_box 
                                                  \__shipout_drop_firstpage_...
l.285 \end{document}
                     <./supplementary_materials_files/figure-latex/tnsens-1.png>]
Underfull \vbox (badness 10000) has occurred while \output is active []


Overfull \vbox (3.49998pt too high) has occurred while \output is active []

[9
pdfTeX warning (ext4): destination with the same identifier (name{figure.11}) has been already used, duplicate ignored
<argument> ...shipout:D \box_use:N \l_shipout_box 
                                                  \__shipout_drop_firstpage_...
l.285 \end{document}
                     <./supplementary_materials_files/figure-latex/dinsens-1.png>]
Underfull \vbox (badness 10000) has occurred while \output is active []


Overfull \vbox (3.49998pt too high) has occurred while \output is active []

[10
pdfTeX warning (ext4): destination with the same identifier (name{figure.12}) has been already used, duplicate ignored
<argument> ...shipout:D \box_use:N \l_shipout_box 
                                                  \__shipout_drop_firstpage_...
l.285 \end{document}
                     <./supplementary_materials_files/figure-latex/tpsens-1.png>]
Underfull \vbox (badness 10000) has occurred while \output is active []


Overfull \vbox (3.49998pt too high) has occurred while \output is active []

[11
pdfTeX warning (ext4): destination with the same identifier (name{figure.13}) has been already used, duplicate ignored
<argument> ...shipout:D \box_use:N \l_shipout_box 
                                                  \__shipout_drop_firstpage_...
l.285 \end{document}
                     <./supplementary_materials_files/figure-latex/po4sens-1.png>]
Underfull \vbox (badness 10000) has occurred while \output is active []


Overfull \vbox (3.49998pt too high) has occurred while \output is active []

[12
pdfTeX warning (ext4): destination with the same identifier (name{figure.14}) has been already used, duplicate ignored
<argument> ...shipout:D \box_use:N \l_shipout_box 
                                                  \__shipout_drop_firstpage_...
l.285 \end{document}
                     <./supplementary_materials_files/figure-latex/tsssens-1.png>]
Underfull \vbox (badness 10000) has occurred while \output is active []


Overfull \vbox (3.49998pt too high) has occurred while \output is active []

[13
pdfTeX warning (ext4): destination with the same identifier (name{figure.15}) has been already used, duplicate ignored
<argument> ...shipout:D \box_use:N \l_shipout_box 
                                                  \__shipout_drop_firstpage_...
l.285 \end{document}
                     <./supplementary_materials_files/figure-latex/bacforest-1.png>]
Underfull \vbox (badness 10000) has occurred while \output is active []


Overfull \vbox (3.49998pt too high) has occurred while \output is active []

[14
pdfTeX warning (ext4): destination with the same identifier (name{figure.16}) has been already used, duplicate ignored
<argument> ...shipout:D \box_use:N \l_shipout_box 
                                                  \__shipout_drop_firstpage_...
l.285 \end{document}
                     <./supplementary_materials_files/figure-latex/tnforest-1.png>]
Underfull \vbox (badness 10000) has occurred while \output is active []


Overfull \vbox (3.49998pt too high) has occurred while \output is active []

[15
pdfTeX warning (ext4): destination with the same identifier (name{figure.17}) has been already used, duplicate ignored
<argument> ...shipout:D \box_use:N \l_shipout_box 
                                                  \__shipout_drop_firstpage_...
l.285 \end{document}
                     <./supplementary_materials_files/figure-latex/dinforest-1.png>]
Underfull \vbox (badness 10000) has occurred while \output is active []


Overfull \vbox (3.49998pt too high) has occurred while \output is active []

[16
pdfTeX warning (ext4): destination with the same identifier (name{figure.18}) has been already used, duplicate ignored
<argument> ...shipout:D \box_use:N \l_shipout_box 
                                                  \__shipout_drop_firstpage_...
l.285 \end{document}
                     <./supplementary_materials_files/figure-latex/tpforest-1.png>]
Underfull \vbox (badness 10000) has occurred while \output is active []


Overfull \vbox (3.49998pt too high) has occurred while \output is active []

[17
pdfTeX warning (ext4): destination with the same identifier (name{figure.19}) has been already used, duplicate ignored
<argument> ...shipout:D \box_use:N \l_shipout_box 
                                                  \__shipout_drop_firstpage_...
l.285 \end{document}
                     <./supplementary_materials_files/figure-latex/po4forest-1.png>]
Underfull \vbox (badness 10000) has occurred while \output is active []


Overfull \vbox (3.49998pt too high) has occurred while \output is active []

[18
pdfTeX warning (ext4): destination with the same identifier (name{figure.20}) has been already used, duplicate ignored
<argument> ...shipout:D \box_use:N \l_shipout_box 
                                                  \__shipout_drop_firstpage_...
l.285 \end{document}
                     <./supplementary_materials_files/figure-latex/tssforest-1.png>]
Overfull \vbox (3.49998pt too high) has occurred while \output is active []

[19
pdfTeX warning (ext4): destination with the same identifier (name{figure.21}) has been already used, duplicate ignored
<argument> ...shipout:D \box_use:N \l_shipout_box 
                                                  \__shipout_drop_firstpage_...
l.285 \end{document}
                    
pdfTeX warning (ext4): destination with the same identifier (name{figure.22}) has been already used, duplicate ignored
<argument> ...shipout:D \box_use:N \l_shipout_box 
                                                  \__shipout_drop_firstpage_...
l.285 \end{document}
                     <./supplementary_materials_files/figure-latex/bacsource-1.png> <./supplementary_materials_files/figure-latex/tnsource-1.png>]
Overfull \vbox (3.49998pt too high) has occurred while \output is active []

[20
pdfTeX warning (ext4): destination with the same identifier (name{figure.23}) has been already used, duplicate ignored
<argument> ...shipout:D \box_use:N \l_shipout_box 
                                                  \__shipout_drop_firstpage_...
l.285 \end{document}
                    
pdfTeX warning (ext4): destination with the same identifier (name{figure.24}) has been already used, duplicate ignored
<argument> ...shipout:D \box_use:N \l_shipout_box 
                                                  \__shipout_drop_firstpage_...
l.285 \end{document}
                     <./supplementary_materials_files/figure-latex/dinsource-1.png> <./supplementary_materials_files/figure-latex/tpsource-1.png>]
Overfull \vbox (3.49998pt too high) has occurred while \output is active []

[21
pdfTeX warning (ext4): destination with the same identifier (name{figure.25}) has been already used, duplicate ignored
<argument> ...shipout:D \box_use:N \l_shipout_box 
                                                  \__shipout_drop_firstpage_...
l.285 \end{document}
                    
pdfTeX warning (ext4): destination with the same identifier (name{figure.26}) has been already used, duplicate ignored
<argument> ...shipout:D \box_use:N \l_shipout_box 
                                                  \__shipout_drop_firstpage_...
l.285 \end{document}
                     <./supplementary_materials_files/figure-latex/po4source-1.png> <./supplementary_materials_files/figure-latex/tsssource-1.png>]
Overfull \vbox (3.49998pt too high) has occurred while \output is active []

[22
pdfTeX warning (ext4): destination with the same identifier (name{figure.27}) has been already used, duplicate ignored
<argument> ...shipout:D \box_use:N \l_shipout_box 
                                                  \__shipout_drop_firstpage_...
l.285 \end{document}
                    
pdfTeX warning (ext4): destination with the same identifier (name{figure.28}) has been already used, duplicate ignored
<argument> ...shipout:D \box_use:N \l_shipout_box 
                                                  \__shipout_drop_firstpage_...
l.285 \end{document}
                     <./supplementary_materials_files/figure-latex/bacscale-1.png> <./supplementary_materials_files/figure-latex/tnscale-1.png>]
Overfull \vbox (3.49998pt too high) has occurred while \output is active []

[23
pdfTeX warning (ext4): destination with the same identifier (name{figure.29}) has been already used, duplicate ignored
<argument> ...shipout:D \box_use:N \l_shipout_box 
                                                  \__shipout_drop_firstpage_...
l.285 \end{document}
                    
pdfTeX warning (ext4): destination with the same identifier (name{figure.30}) has been already used, duplicate ignored
<argument> ...shipout:D \box_use:N \l_shipout_box 
                                                  \__shipout_drop_firstpage_...
l.285 \end{document}
                     <./supplementary_materials_files/figure-latex/dinscale-1.png> <./supplementary_materials_files/figure-latex/tpscale-1.png>]
Overfull \vbox (3.49998pt too high) has occurred while \output is active []

[24
pdfTeX warning (ext4): destination with the same identifier (name{figure.31}) has been already used, duplicate ignored
<argument> ...shipout:D \box_use:N \l_shipout_box 
                                                  \__shipout_drop_firstpage_...
l.285 \end{document}
                    
pdfTeX warning (ext4): destination with the same identifier (name{figure.32}) has been already used, duplicate ignored
<argument> ...shipout:D \box_use:N \l_shipout_box 
                                                  \__shipout_drop_firstpage_...
l.285 \end{document}
                     <./supplementary_materials_files/figure-latex/po4scale-1.png> <./supplementary_materials_files/figure-latex/tssscale-1.png>] (./supplementary_materials.aux)
 ***********
LaTeX2e <2023-11-01> patch level 1
L3 programming layer <2024-05-08>
 ***********
Package rerunfilecheck Info: File `supplementary_materials.out' has not changed.
(rerunfilecheck)             Checksum: D41D8CD98F00B204E9800998ECF8427E;0.
 ) 
Here is how much of TeX's memory you used:
 15208 strings out of 475892
 258207 string characters out of 5785538
 1966907 words of memory out of 5000000
 36929 multiletter control sequences out of 15000+600000
 587746 words of font info for 192 fonts, out of 8000000 for 9000
 40 hyphenation exceptions out of 8191
 87i,13n,94p,1073b,458s stack positions out of 10000i,1000n,20000p,200000b,200000s
<c:/Users/michael.schramm/AppData/Roaming/TinyTeX/texmf-dist/fonts/type1/public/amsfonts/cm/cmmi12.pfb><c:/Users/michael.schramm/AppData/Roaming/TinyTeX/texmf-dist/fonts/type1/public/amsfonts/cm/cmr9.pfb><c:/Users/michael.schramm/AppData/Roaming/TinyTeX/texmf-dist/fonts/type1/public/tex-gyre/qhvr.pfb><c:/Users/michael.schramm/AppData/Roaming/TinyTeX/texmf-dist/fonts/type1/urw/helvetic/uhvb8a.pfb><c:/Users/michael.schramm/AppData/Roaming/TinyTeX/texmf-dist/fonts/type1/urw/helvetic/uhvbo8a.pfb><c:/Users/michael.schramm/AppData/Roaming/TinyTeX/texmf-dist/fonts/type1/urw/times/utmb8a.pfb><c:/Users/michael.schramm/AppData/Roaming/TinyTeX/texmf-dist/fonts/type1/urw/times/utmr8a.pfb><c:/Users/michael.schramm/AppData/Roaming/TinyTeX/texmf-dist/fonts/type1/urw/times/utmri8a.pfb>
Output written on supplementary_materials.pdf (24 pages, 4059287 bytes).
PDF statistics:
 268 PDF objects out of 1000 (max. 8388607)
 181 compressed objects within 2 object streams
 63 named destinations out of 1000 (max. 500000)
 52902 words of extra memory for PDF output out of 61914 (max. 10000000)

